<?xml version="1.0" encoding="UTF-8"?>
<!-- Generated by org.testng.reporters.JUnitReportReporter -->
<testsuite hostname="Tsss-Pc1-PC" name="com.dealwallet.webdriver.selenium.Samles.IeDriverExample" tests="1" failures="0" timestamp="7 Jun 2013 10:27:24 GMT" time="65.301" errors="0">
  <testcase name="testIe" time="65.301" classname="com.dealwallet.webdriver.selenium.Samles.IeDriverExample"/>
</testsuite> <!-- com.dealwallet.webdriver.selenium.Samles.IeDriverExample -->
